<?xml version="1.0" encoding="UTF-8"?>
<!-- Generated by org.testng.reporters.JUnitXMLReporter -->
<testsuite hostname="Adityayadav-PC" ignored="0" name="Test1" tests="4" failures="0" timestamp="2020-08-24T16:53:37 IST" time="20.81" errors="0">
  <testcase name="@BeforeMethod IntilizeBrowser" time="0.083" classname="Utility.BaseClass">
    <failure type="org.openqa.selenium.WebDriverException" message="Cannot find firefox binary in PATH. Make sure firefox is installed. OS appears to be: WIN10
Build info: version: &amp;apos;3.141.59&amp;apos;, revision: &amp;apos;e82be7d358&amp;apos;, time: &amp;apos;2018-11-14T08:17:03&amp;apos;
System info: host: &amp;apos;ADITYAYADAV-PC&amp;apos;, ip: &amp;apos;192.168.43.88&amp;apos;, os.name: &amp;apos;Windows 10&amp;apos;, os.arch: &amp;apos;amd64&amp;apos;, os.version: &amp;apos;10.0&amp;apos;, java.version: &amp;apos;1.8.0_171&amp;apos;
Driver info: driver.version: FirefoxDriver">
      <![CDATA[org.openqa.selenium.WebDriverException: Cannot find firefox binary in PATH. Make sure firefox is installed. OS appears to be: WIN10
Build info: version: '3.141.59', revision: 'e82be7d358', time: '2018-11-14T08:17:03'
System info: host: 'ADITYAYADAV-PC', ip: '192.168.43.88', os.name: 'Windows 10', os.arch: 'amd64', os.version: '10.0', java.version: '1.8.0_171'
Driver info: driver.version: FirefoxDriver
at org.openqa.selenium.firefox.FirefoxBinary.<init>(FirefoxBinary.java:100)
at java.util.Optional.orElseGet(Unknown Source)
at org.openqa.selenium.firefox.FirefoxOptions.getBinary(FirefoxOptions.java:216)
at org.openqa.selenium.firefox.FirefoxDriver.toExecutor(FirefoxDriver.java:187)
at org.openqa.selenium.firefox.FirefoxDriver.<init>(FirefoxDriver.java:147)
at org.openqa.selenium.firefox.FirefoxDriver.<init>(FirefoxDriver.java:125)
at Utility.BaseClass.IntilizeBrowser(BaseClass.java:47)
at java.util.ArrayList.forEach(Unknown Source)
at java.util.concurrent.FutureTask.run(Unknown Source)
at java.util.concurrent.ThreadPoolExecutor.runWorker(Unknown Source)
at java.util.concurrent.ThreadPoolExecutor$Worker.run(Unknown Source)
at java.lang.Thread.run(Unknown Source)
... Removed 22 stack frames]]>
    </failure>
  </testcase> <!-- @BeforeMethod IntilizeBrowser -->
  <testcase name="@AfterMethod tearDown" time="5.001" classname="Utility.BaseClass">
    <failure type="java.lang.NullPointerException">
      <![CDATA[java.lang.NullPointerException
at Utility.BaseClass.tearDown(BaseClass.java:121)
at java.util.ArrayList.forEach(Unknown Source)
at java.util.concurrent.FutureTask.run(Unknown Source)
at java.util.concurrent.ThreadPoolExecutor.runWorker(Unknown Source)
at java.util.concurrent.ThreadPoolExecutor$Worker.run(Unknown Source)
at java.lang.Thread.run(Unknown Source)
... Removed 23 stack frames]]>
    </failure>
  </testcase> <!-- @AfterMethod tearDown -->
  <testcase name="@BeforeMethod IntilizeBrowser" time="-1.598268202109E9" classname="Utility.BaseClass">
    <skipped/>
  </testcase> <!-- @BeforeMethod IntilizeBrowser -->
  <testcase name="testCount" time="0.0" classname="TestClasses.TestHomePage">
    <skipped/>
  </testcase> <!-- testCount -->
  <testcase name="testCreditCard" time="0.0" classname="TestClasses.TestHomePage">
    <skipped/>
  </testcase> <!-- testCreditCard -->
  <testcase name="testCount" time="0.0" classname="TestClasses.TestHomePage">
    <skipped/>
  </testcase> <!-- testCount -->
  <testcase name="testCreditCard" time="0.0" classname="TestClasses.TestHomePage">
    <skipped/>
  </testcase> <!-- testCreditCard -->
</testsuite> <!-- Test1 -->
